TN:
SF:src\lib\compress.js
FN:4,compressDirectory
FN:13,expandArchive
FNF:2
FNH:2
FNDA:1,compressDirectory
FNDA:1,expandArchive
DA:1,1
DA:2,1
DA:5,1
DA:6,1
DA:7,1
DA:8,0
DA:10,1
DA:14,1
DA:15,1
DA:16,1
DA:17,0
DA:19,1
DA:22,1
LF:13
LH:11
BRDA:7,0,0,0
BRDA:7,0,1,1
BRDA:8,1,0,0
BRDA:8,1,1,0
BRDA:16,2,0,0
BRDA:16,2,1,1
BRDA:17,3,0,0
BRDA:17,3,1,0
BRF:8
BRH:2
end_of_record
TN:
SF:src\lib\disk.js
FN:4,getDriveLetter
FN:9,getFreeBytes
FNF:2
FNH:2
FNDA:1,getDriveLetter
FNDA:1,getFreeBytes
DA:1,1
DA:2,1
DA:5,1
DA:6,1
DA:10,1
DA:11,1
DA:12,1
DA:13,0
DA:15,1
DA:16,1
DA:17,1
DA:18,0
DA:20,1
DA:23,1
LF:14
LH:12
BRDA:6,0,0,1
BRDA:6,0,1,0
BRDA:12,1,0,0
BRDA:12,1,1,1
BRDA:13,2,0,0
BRDA:13,2,1,0
BRDA:15,3,0,1
BRDA:15,3,1,0
BRDA:17,4,0,0
BRDA:17,4,1,1
BRF:10
BRH:4
end_of_record
TN:
SF:src\lib\fsutils.js
FN:4,ensureDir
FN:8,copyRecursive
FN:21,sumSizes
FNF:3
FNH:2
FNDA:13,ensureDir
FNDA:6,copyRecursive
FNDA:0,sumSizes
DA:1,1
DA:2,1
DA:5,13
DA:9,6
DA:10,6
DA:11,3
DA:12,3
DA:13,4
DA:16,3
DA:17,3
DA:22,0
DA:23,0
DA:24,0
DA:25,0
DA:26,0
DA:27,0
DA:28,0
DA:29,0
DA:30,0
DA:31,0
DA:32,0
DA:33,0
DA:34,0
DA:38,0
DA:41,0
DA:44,1
LF:26
LH:11
BRDA:10,0,0,3
BRDA:10,0,1,3
BRDA:24,1,0,0
BRDA:24,1,1,0
BRDA:26,2,0,0
BRDA:26,2,1,0
BRDA:33,3,0,0
BRDA:33,3,1,0
BRF:8
BRH:2
end_of_record
